Base path: C:/Program Files/Unity/Editor/Data
Cmd: getPlatforms
Cmd: compileCompute
  error: 1 plat 4 at SimulationMEsh.compute(142): 'sdCapsule': implicit truncation of vector type
  error: 1 plat 4 at SimulationMEsh.compute(149): 'sdCapsule': implicit truncation of vector type
  error: 1 plat 4 at SimulationMEsh.compute(150): 'sdCapsule': implicit truncation of vector type
  error: 1 plat 4 at SimulationMEsh.compute(151): 'sdCapsule': implicit truncation of vector type
  api=4 insize=5847 outsize=6237 ok=1
Cmd: compileCompute
  error: 1 plat 4 at SimulationMEsh.compute(142): 'sdCapsule': implicit truncation of vector type
  error: 1 plat 4 at SimulationMEsh.compute(149): 'sdCapsule': implicit truncation of vector type
  error: 1 plat 4 at SimulationMEsh.compute(150): 'sdCapsule': implicit truncation of vector type
  error: 1 plat 4 at SimulationMEsh.compute(151): 'sdCapsule': implicit truncation of vector type
  api=4 insize=5845 outsize=6237 ok=1
Cmd: compileCompute
  error: 1 plat 4 at SimulationMEsh.compute(142): 'sdCapsule': implicit truncation of vector type
  error: 1 plat 4 at SimulationMEsh.compute(149): 'sdCapsule': implicit truncation of vector type
  error: 1 plat 4 at SimulationMEsh.compute(150): 'sdCapsule': implicit truncation of vector type
  error: 1 plat 4 at SimulationMEsh.compute(151): 'sdCapsule': implicit truncation of vector type
  api=4 insize=5925 outsize=6341 ok=1
Cmd: compileCompute
  error: 1 plat 4 at SimulationMEsh.compute(142): 'sdCapsule': implicit truncation of vector type
  error: 1 plat 4 at SimulationMEsh.compute(149): 'sdCapsule': implicit truncation of vector type
  error: 1 plat 4 at SimulationMEsh.compute(150): 'sdCapsule': implicit truncation of vector type
  error: 1 plat 4 at SimulationMEsh.compute(151): 'sdCapsule': implicit truncation of vector type
  api=4 insize=5917 outsize=6341 ok=1
Cmd: compileCompute
  error: 1 plat 4 at SimulationMEsh.compute(142): 'sdCapsule': implicit truncation of vector type
  error: 1 plat 4 at SimulationMEsh.compute(149): 'sdCapsule': implicit truncation of vector type
  error: 1 plat 4 at SimulationMEsh.compute(150): 'sdCapsule': implicit truncation of vector type
  error: 1 plat 4 at SimulationMEsh.compute(151): 'sdCapsule': implicit truncation of vector type
  api=4 insize=5954 outsize=6345 ok=1
Cmd: compileCompute
  error: 1 plat 4 at SimulationMEsh.compute(142): 'sdCapsule': implicit truncation of vector type
  error: 1 plat 4 at SimulationMEsh.compute(149): 'sdCapsule': implicit truncation of vector type
  error: 1 plat 4 at SimulationMEsh.compute(150): 'sdCapsule': implicit truncation of vector type
  error: 1 plat 4 at SimulationMEsh.compute(151): 'sdCapsule': implicit truncation of vector type
  api=4 insize=5939 outsize=6289 ok=1
Cmd: compileCompute
  error: 1 plat 4 at SimulationMEsh.compute(142): 'sdCapsule': implicit truncation of vector type
  error: 1 plat 4 at SimulationMEsh.compute(149): 'sdCapsule': implicit truncation of vector type
  error: 1 plat 4 at SimulationMEsh.compute(150): 'sdCapsule': implicit truncation of vector type
  error: 1 plat 4 at SimulationMEsh.compute(151): 'sdCapsule': implicit truncation of vector type
  api=4 insize=5939 outsize=6289 ok=1
Cmd: compileCompute
  error: 1 plat 4 at SimulationMEsh.compute(142): 'sdCapsule': implicit truncation of vector type
  error: 1 plat 4 at SimulationMEsh.compute(149): 'sdCapsule': implicit truncation of vector type
  error: 1 plat 4 at SimulationMEsh.compute(150): 'sdCapsule': implicit truncation of vector type
  error: 1 plat 4 at SimulationMEsh.compute(151): 'sdCapsule': implicit truncation of vector type
  api=4 insize=5972 outsize=6289 ok=1
Cmd: compileCompute
  error: 1 plat 4 at SimulationMEsh.compute(142): 'sdCapsule': implicit truncation of vector type
  error: 1 plat 4 at SimulationMEsh.compute(149): 'sdCapsule': implicit truncation of vector type
  error: 1 plat 4 at SimulationMEsh.compute(150): 'sdCapsule': implicit truncation of vector type
  error: 1 plat 4 at SimulationMEsh.compute(151): 'sdCapsule': implicit truncation of vector type
  api=4 insize=5999 outsize=6365 ok=1
Cmd: compileCompute
  error: 1 plat 4 at SimulationMEsh.compute(142): 'sdCapsule': implicit truncation of vector type
  error: 1 plat 4 at SimulationMEsh.compute(149): 'sdCapsule': implicit truncation of vector type
  error: 1 plat 4 at SimulationMEsh.compute(150): 'sdCapsule': implicit truncation of vector type
  error: 1 plat 4 at SimulationMEsh.compute(151): 'sdCapsule': implicit truncation of vector type
  api=4 insize=5999 outsize=6365 ok=1
Cmd: compileCompute
  error: 1 plat 4 at SimulationMEsh.compute(142): 'sdCapsule': implicit truncation of vector type
  error: 1 plat 4 at SimulationMEsh.compute(149): 'sdCapsule': implicit truncation of vector type
  error: 1 plat 4 at SimulationMEsh.compute(150): 'sdCapsule': implicit truncation of vector type
  error: 1 plat 4 at SimulationMEsh.compute(151): 'sdCapsule': implicit truncation of vector type
  api=4 insize=6001 outsize=6365 ok=1
Cmd: compileCompute
  error: 1 plat 4 at SimulationMEsh.compute(142): 'sdCapsule': implicit truncation of vector type
  error: 1 plat 4 at SimulationMEsh.compute(149): 'sdCapsule': implicit truncation of vector type
  error: 1 plat 4 at SimulationMEsh.compute(150): 'sdCapsule': implicit truncation of vector type
  error: 1 plat 4 at SimulationMEsh.compute(151): 'sdCapsule': implicit truncation of vector type
  api=4 insize=6001 outsize=6365 ok=1
Cmd: compileCompute
  error: 2 plat 4 at SimulationMEsh.compute(132): unrecognized identifier 'vec2'
  api=4 insize=6129 outsize=29 ok=0
Cmd: compileCompute
  error: 2 plat 4 at SimulationMEsh.compute(132): unrecognized identifier 'vec2'
  api=4 insize=6129 outsize=29 ok=0
Cmd: compileCompute
  error: 1 plat 4 at SimulationMEsh.compute(146): 'sdCapsule': implicit truncation of vector type
  error: 1 plat 4 at SimulationMEsh.compute(153): 'sdCapsule': implicit truncation of vector type
  error: 1 plat 4 at SimulationMEsh.compute(154): 'sdCapsule': implicit truncation of vector type
  error: 1 plat 4 at SimulationMEsh.compute(155): 'sdCapsule': implicit truncation of vector type
  api=4 insize=6132 outsize=6521 ok=1
Cmd: compileCompute
  error: 1 plat 4 at SimulationMEsh.compute(146): 'sdCapsule': implicit truncation of vector type
  error: 1 plat 4 at SimulationMEsh.compute(153): 'sdCapsule': implicit truncation of vector type
  error: 1 plat 4 at SimulationMEsh.compute(154): 'sdCapsule': implicit truncation of vector type
  error: 1 plat 4 at SimulationMEsh.compute(155): 'sdCapsule': implicit truncation of vector type
  api=4 insize=6318 outsize=7081 ok=1
Cmd: compileCompute
  error: 1 plat 4 at SimulationMEsh.compute(146): 'sdCapsule': implicit truncation of vector type
  error: 1 plat 4 at SimulationMEsh.compute(153): 'sdCapsule': implicit truncation of vector type
  error: 1 plat 4 at SimulationMEsh.compute(154): 'sdCapsule': implicit truncation of vector type
  error: 1 plat 4 at SimulationMEsh.compute(155): 'sdCapsule': implicit truncation of vector type
  api=4 insize=6350 outsize=7085 ok=1
Cmd: compileCompute
  error: 1 plat 4 at SimulationMEsh.compute(146): 'sdCapsule': implicit truncation of vector type
  error: 1 plat 4 at SimulationMEsh.compute(153): 'sdCapsule': implicit truncation of vector type
  error: 1 plat 4 at SimulationMEsh.compute(154): 'sdCapsule': implicit truncation of vector type
  error: 1 plat 4 at SimulationMEsh.compute(155): 'sdCapsule': implicit truncation of vector type
  api=4 insize=6373 outsize=7093 ok=1
Cmd: compileCompute
  error: 1 plat 4 at SimulationMEsh.compute(146): 'sdCapsule': implicit truncation of vector type
  error: 1 plat 4 at SimulationMEsh.compute(153): 'sdCapsule': implicit truncation of vector type
  error: 1 plat 4 at SimulationMEsh.compute(154): 'sdCapsule': implicit truncation of vector type
  error: 1 plat 4 at SimulationMEsh.compute(155): 'sdCapsule': implicit truncation of vector type
  api=4 insize=6373 outsize=7093 ok=1
Cmd: preprocess
  insize=3423 outsize=440 ok=1
Cmd: compileSnippet
  api=4 type=0 insize=3284 outsize=1321 kw= pd=UNITY_ENABLE_REFLECTION_BUFFERS UNITY_PBS_USE_BRDF1 UNITY_SPECCUBE_BOX_PROJECTION UNITY_SPECCUBE_BLENDING ok=1
Cmd: compileSnippet
  api=4 type=1 insize=3284 outsize=853 kw= pd=UNITY_ENABLE_REFLECTION_BUFFERS UNITY_PBS_USE_BRDF1 UNITY_SPECCUBE_BOX_PROJECTION UNITY_SPECCUBE_BLENDING ok=1
Cmd: preprocess
  insize=3450 outsize=440 ok=1
Cmd: compileSnippet
  api=4 type=0 insize=3311 outsize=1321 kw= pd=UNITY_ENABLE_REFLECTION_BUFFERS UNITY_PBS_USE_BRDF1 UNITY_SPECCUBE_BOX_PROJECTION UNITY_SPECCUBE_BLENDING ok=1
Cmd: compileSnippet
  api=4 type=1 insize=3311 outsize=645 kw= pd=UNITY_ENABLE_REFLECTION_BUFFERS UNITY_PBS_USE_BRDF1 UNITY_SPECCUBE_BOX_PROJECTION UNITY_SPECCUBE_BLENDING ok=1
